make all --print-data-base --no-builtin-variables --no-builtin-rules --question
# GNU Make 3.82
# Built for x86_64-redhat-linux-gnu
# Copyright (C) 2010  Free Software Foundation, Inc.
# License GPLv3+: GNU GPL version 3 or later <http://gnu.org/licenses/gpl.html>
# This is free software: you are free to change and redistribute it.
# There is NO WARRANTY, to the extent permitted by law.

# Make data base, printed on Thu Aug 25 16:09:09 2022

# Variables

# automatic
<D = $(patsubst %/,%,$(dir $<))
# automatic
?F = $(notdir $?)
# environment
DESKTOP_SESSION = gnome-classic
# default
.SHELLFLAGS := -c
# environment
XDG_SESSION_TYPE = x11
# automatic
?D = $(patsubst %/,%,$(dir $?))
# environment
EPICS_CA_AUTO_ADDR_LIST = NO
# automatic
@D = $(patsubst %/,%,$(dir $@))
# environment
XAUTHORITY = /run/gdm/auth-for-weibin-u0ziB4/database
# environment
GDMSESSION = gnome-classic
# environment
XMODIFIERS = @im=ibus
# makefile
CURDIR := /home/weibin/epics2taos
# makefile
SHELL = /bin/sh
# environment
GDM_LANG = zh_CN.UTF-8
# environment
VSCODE_NLS_CONFIG = {"locale":"zh-cn","availableLanguages":{"*":"zh-cn"},"_languagePackId":"cc0490d1397af23dc5bf44a96fe15dbb.zh-cn","_translationsConfigFile":"/home/weibin/.config/Code/clp/cc0490d1397af23dc5bf44a96fe15dbb.zh-cn/tcf.json","_cacheRoot":"/home/weibin/.config/Code/clp/cc0490d1397af23dc5bf44a96fe15dbb.zh-cn","_resolvedLanguagePackCoreLocation":"/home/weibin/.config/Code/clp/cc0490d1397af23dc5bf44a96fe15dbb.zh-cn/e4503b30fc78200f846c62cf8091b76ff5547662","_corruptedFile":"/home/weibin/.config/Code/clp/cc0490d1397af23dc5bf44a96fe15dbb.zh-cn/corrupted.info","_languagePackSupport":true}
# environment
_ = /usr/bin/make
# makefile
MAKEFILE_LIST := 
# automatic
@F = $(notdir $@)
# environment
GIO_LAUNCHED_DESKTOP_FILE = /usr/share/applications/code.desktop
# environment
USERNAME = weibin
# environment
XDG_DATA_DIRS = /home/weibin/.local/share/flatpak/exports/share/:/var/lib/flatpak/exports/share/:/usr/local/share/:/usr/share/
# environment
DBUS_SESSION_BUS_ADDRESS = unix:abstract=/tmp/dbus-kYIet4d9Sw,guid=aff734c2e20dc41947b5d8796306ec31
# environment
LESSOPEN = ||/usr/bin/lesspipe.sh %s
# environment
VSCODE_CWD = /home/weibin
# environment
HISTCONTROL = ignoredups
# environment
PATH = /home/weibin/EPICS/epics-base/bin/linux-x86_64:/home/weibin/EPICS/epics-base/bin/linux-x86_64:/usr/local/bin:/usr/local/sbin:/usr/bin:/usr/sbin:/bin:/sbin:/home/weibin/.local/bin:/home/weibin/bin:/home/weibin/.local/bin:/home/weibin/bin
# environment
SESSION_MANAGER = local/unix:@/tmp/.ICE-unix/3496,unix/unix:/tmp/.ICE-unix/3496
# environment
XDG_RUNTIME_DIR = /run/user/1000
# environment
XDG_MENU_PREFIX = gnome-
# environment
ELECTRON_RUN_AS_NODE = 1
# default
.FEATURES := target-specific order-only second-expansion else-if shortest-stem undefine oneshell archives jobserver check-symlink
# environment
XDG_SESSION_DESKTOP = gnome-classic
# environment
SSH_AUTH_SOCK = /run/user/1000/keyring/ssh
# environment
GIO_LAUNCHED_DESKTOP_FILE_PID = 15906
# automatic
%F = $(notdir $%)
# environment
DISPLAY = :0
# environment
IMSETTINGS_INTEGRATE_DESKTOP = yes
# environment
PWD = /home/weibin/epics2taos
# environment
XDG_SEAT = seat0
# environment
SSH_AGENT_PID = 3638
# environment
ORIGINAL_XDG_CURRENT_DESKTOP = GNOME-Classic:GNOME
# environment
VSCODE_AMD_ENTRYPOINT = vs/workbench/api/node/extensionHostProcess
# environment
HOME = /home/weibin
# environment
VSCODE_CODE_CACHE_PATH = /home/weibin/.config/Code/CachedData/e4503b30fc78200f846c62cf8091b76ff5547662
# environment
LOGNAME = weibin
# environment
APPLICATION_INSIGHTS_NO_DIAGNOSTIC_CHANNEL = true
# environment
EPICS_CA_ADDR_LIST = 192.168.20.96:5064 192.168.30.200:5064 192.168.20.156 192.168.20.237 192.168.20.65:5072 192.168.20.200 192.168.30.220:5064 192.168.30.127 192.168.30.10:5066 192.168.30.1:5068 192.168.30.1:5069 192.168.30.1:5070 192.168.30.1:5066 192.168.30.1:5064 192.168.20.131:5064 192.168.20.132:5064 192.168.20.133:5064 192.168.20.134:5064 192.168.20.135:5064 192.168.20.136:5064 192.168.20.137:5064 192.168.20.138:5064 192.168.20.151:5064 192.168.20.151:5067 192.168.20.152:5064 192.168.20.154:5064 192.168.20.255:5064 192.168.20.255:5066 192.168.20.255:5067 192.168.20.255:5069 192.168.20.255:5071 192.168.20.72 192.168.30.255:5064 192.168.30.1:5067 192.168.30.10:5064
# environment
VSCODE_HANDLES_UNCAUGHT_ERRORS = true
# default
MAKE_VERSION := 3.82
# environment
GNOME_DESKTOP_SESSION_ID = this-is-deprecated
# automatic
^D = $(patsubst %/,%,$(dir $^))
# environment
HOSTNAME = node1
# environment
XDG_VTNR = 1
# environment
MAKELEVEL := 0
# default
MAKE = $(MAKE_COMMAND)
# default
MAKECMDGOALS := all
# environment
QT_IM_MODULE = ibus
# environment
SHLVL = 3
# environment
GNOME_SHELL_SESSION_MODE = classic
# environment
XDG_SESSION_ID = 1
# environment
USER = weibin
# makefile
.DEFAULT_GOAL := 
# environment
XDG_CURRENT_DESKTOP = GNOME-Classic:GNOME
# automatic
%D = $(patsubst %/,%,$(dir $%))
# default
MAKE_COMMAND := make
# default
.VARIABLES := 
# environment
IMSETTINGS_MODULE = none
# automatic
*F = $(notdir $*)
# environment
VSCODE_IPC_HOOK = /run/user/1000/vscode-e059af92-1.70.2-main.sock
# makefile
MAKEFLAGS = Rrqp
# environment
MFLAGS = -Rrqp
# automatic
*D = $(patsubst %/,%,$(dir $*))
# environment
MAIL = /var/spool/mail/weibin
# environment
EPICS_HOST_ARCH = linux-x86_64
# automatic
+D = $(patsubst %/,%,$(dir $+))
# environment
GDK_BACKEND = x11
# automatic
+F = $(notdir $+)
# environment
NO_AT_BRIDGE = 1
# default
MAKEFILES := 
# automatic
<F = $(notdir $<)
# environment
EPICS_BASE = /home/weibin/EPICS/epics-base
# environment
LC_ALL = C
# environment
EPICS_CA_MAX_ARRAY_BYTES = 16384000
# environment
SBX_CHROME_API_RQ = 1
# environment
GJS_DEBUG_TOPICS = JS ERROR;JS LOG
# automatic
^F = $(notdir $^)
# default
SUFFIXES := 
# environment
HISTSIZE = 1000
# environment
CHROME_DESKTOP = code-url-handler.desktop
# environment
WINDOWPATH = 1
# default
.INCLUDE_DIRS = /usr/include /usr/local/include /usr/include
# environment
GJS_DEBUG_OUTPUT = stderr
# default
.RECIPEPREFIX := 
# environment
LANG = C
# environment
TERM = dumb
# environment
VSCODE_PID = 15906
# variable set hash-table stats:
# Load=96/1024=9%, Rehash=0, Collisions=8/115=7%

# Pattern-specific Variable Values

# No pattern-specific variable values.

# Directories

# . (device 64770, inode 537683688): 11 files, no impossibilities.

# 11 files, no impossibilities in 1 directories.

# Implicit Rules

# No implicit rules.

# Files

# Not a target:
all:
#  Command line target.
#  Implicit rule search has been done.
#  File does not exist.
#  File has not been updated.

# Not a target:
.SUFFIXES:
#  Implicit rule search has not been done.
#  Modification time never checked.
#  File has not been updated.

# Not a target:
Makefile:
#  Implicit rule search has been done.
#  File does not exist.
#  File has been updated.
#  Failed to be updated.

# Not a target:
makefile:
#  Implicit rule search has been done.
#  File does not exist.
#  File has been updated.
#  Failed to be updated.

# Not a target:
.DEFAULT:
#  Implicit rule search has not been done.
#  Modification time never checked.
#  File has not been updated.

# Not a target:
GNUmakefile:
#  Implicit rule search has been done.
#  File does not exist.
#  File has been updated.
#  Failed to be updated.

# files hash-table stats:
# Load=6/1024=1%, Rehash=0, Collisions=0/15=0%
# VPATH Search Paths

# No `vpath' search paths.

# No general (`VPATH' variable) search path.

# # of strings in strcache: 0 / lookups = 22 / hits = 22
# # of strcache buffers: 1 (* 8176 B/buffer = 8176 B)
# strcache used: total = 0 (197) / max = 0 / min = 8176 / avg = 0
# strcache free: total = 0 (7979) / max = 0 / min = 8176 / avg = 0

# strcache hash-table stats:
# Load=19/8192=0%, Rehash=0, Collisions=1/22=5%
# Finished Make data base on Thu Aug 25 16:09:09 2022

 
make: *** No rule to make target `all'.  Stop.

